<?xml version="1.0" encoding="UTF-8"?>
<robot generator="Robot 4.1.3 (Python 3.10.1 on win32)" generated="20220314 20:05:43.169" rpa="false" schemaversion="2">
<suite id="s1" name="Swaglab" source="C:\Users\USER\Documents\drivendatatest-rf\Steps\swaglab.robot">
<kw name="Open Browser" library="SeleniumLibrary" type="SETUP">
<arg>${webURL}</arg>
<arg>${BROWSERS}</arg>
<doc>Opens a new browser instance to the optional ``url``.</doc>
<msg timestamp="20220314 20:05:43.586" level="INFO">Opening browser 'chrome' to base url 'https://www.saucedemo.com/'.</msg>
<status status="PASS" starttime="20220314 20:05:43.583" endtime="20220314 20:05:46.592"/>
</kw>
<test id="s1-t1" name="Login with invalid username and invalid password using CSV File">
<kw name="I login with invalid username and invalid password">
<arg>standard_user1</arg>
<arg>abcde123</arg>
<kw name="Maximize Browser Window" library="SeleniumLibrary">
<doc>Maximizes current browser window.</doc>
<status status="PASS" starttime="20220314 20:05:46.605" endtime="20220314 20:05:46.924"/>
</kw>
<kw name="Input Text" library="SeleniumLibrary">
<arg>//input[@data-test="username"]</arg>
<arg>${username}</arg>
<doc>Types the given ``text`` into the text field identified by ``locator``.</doc>
<msg timestamp="20220314 20:05:46.926" level="INFO">Typing text 'standard_user1' into text field '//input[@data-test="username"]'.</msg>
<status status="PASS" starttime="20220314 20:05:46.924" endtime="20220314 20:05:47.350"/>
</kw>
<kw name="Input Text" library="SeleniumLibrary">
<arg>//input[@id="password"]</arg>
<arg>${password}</arg>
<doc>Types the given ``text`` into the text field identified by ``locator``.</doc>
<msg timestamp="20220314 20:05:47.354" level="INFO">Typing text 'abcde123' into text field '//input[@id="password"]'.</msg>
<status status="PASS" starttime="20220314 20:05:47.350" endtime="20220314 20:05:47.583"/>
</kw>
<kw name="Click Element" library="SeleniumLibrary">
<arg>//input[@id="login-button"]</arg>
<doc>Click the element identified by ``locator``.</doc>
<msg timestamp="20220314 20:05:47.585" level="INFO">Clicking element '//input[@id="login-button"]'.</msg>
<status status="PASS" starttime="20220314 20:05:47.584" endtime="20220314 20:05:47.679"/>
</kw>
<kw name="Page Should Contain" library="SeleniumLibrary">
<arg>Epic sadface: Username and password do not match any user in this service</arg>
<doc>Verifies that current page contains ``text``.</doc>
<msg timestamp="20220314 20:05:47.700" level="INFO">Current page contains text 'Epic sadface: Username and password do not match any user in this service'.</msg>
<status status="PASS" starttime="20220314 20:05:47.679" endtime="20220314 20:05:47.701"/>
</kw>
<status status="PASS" starttime="20220314 20:05:46.604" endtime="20220314 20:05:47.701"/>
</kw>
<status status="PASS" starttime="20220314 20:05:46.592" endtime="20220314 20:05:47.701"/>
</test>
<test id="s1-t2" name="Login with invalid username and invalid password using CSV File">
<kw name="I login with invalid username and invalid password">
<arg>standard_user2</arg>
<arg>abcde123</arg>
<kw name="Maximize Browser Window" library="SeleniumLibrary">
<doc>Maximizes current browser window.</doc>
<status status="PASS" starttime="20220314 20:05:47.711" endtime="20220314 20:05:47.719"/>
</kw>
<kw name="Input Text" library="SeleniumLibrary">
<arg>//input[@data-test="username"]</arg>
<arg>${username}</arg>
<doc>Types the given ``text`` into the text field identified by ``locator``.</doc>
<msg timestamp="20220314 20:05:47.719" level="INFO">Typing text 'standard_user2' into text field '//input[@data-test="username"]'.</msg>
<status status="PASS" starttime="20220314 20:05:47.719" endtime="20220314 20:05:47.874"/>
</kw>
<kw name="Input Text" library="SeleniumLibrary">
<arg>//input[@id="password"]</arg>
<arg>${password}</arg>
<doc>Types the given ``text`` into the text field identified by ``locator``.</doc>
<msg timestamp="20220314 20:05:47.876" level="INFO">Typing text 'abcde123' into text field '//input[@id="password"]'.</msg>
<status status="PASS" starttime="20220314 20:05:47.875" endtime="20220314 20:05:47.975"/>
</kw>
<kw name="Click Element" library="SeleniumLibrary">
<arg>//input[@id="login-button"]</arg>
<doc>Click the element identified by ``locator``.</doc>
<msg timestamp="20220314 20:05:47.975" level="INFO">Clicking element '//input[@id="login-button"]'.</msg>
<status status="PASS" starttime="20220314 20:05:47.975" endtime="20220314 20:05:48.013"/>
</kw>
<kw name="Page Should Contain" library="SeleniumLibrary">
<arg>Epic sadface: Username and password do not match any user in this service</arg>
<doc>Verifies that current page contains ``text``.</doc>
<msg timestamp="20220314 20:05:48.022" level="INFO">Current page contains text 'Epic sadface: Username and password do not match any user in this service'.</msg>
<status status="PASS" starttime="20220314 20:05:48.013" endtime="20220314 20:05:48.022"/>
</kw>
<status status="PASS" starttime="20220314 20:05:47.710" endtime="20220314 20:05:48.023"/>
</kw>
<status status="PASS" starttime="20220314 20:05:47.704" endtime="20220314 20:05:48.024"/>
</test>
<test id="s1-t3" name="Login with invalid username and invalid password using CSV File">
<kw name="I login with invalid username and invalid password">
<arg>standard_user3</arg>
<arg>abcde123</arg>
<kw name="Maximize Browser Window" library="SeleniumLibrary">
<doc>Maximizes current browser window.</doc>
<status status="PASS" starttime="20220314 20:05:48.030" endtime="20220314 20:05:48.035"/>
</kw>
<kw name="Input Text" library="SeleniumLibrary">
<arg>//input[@data-test="username"]</arg>
<arg>${username}</arg>
<doc>Types the given ``text`` into the text field identified by ``locator``.</doc>
<msg timestamp="20220314 20:05:48.037" level="INFO">Typing text 'standard_user3' into text field '//input[@data-test="username"]'.</msg>
<status status="PASS" starttime="20220314 20:05:48.035" endtime="20220314 20:05:48.219"/>
</kw>
<kw name="Input Text" library="SeleniumLibrary">
<arg>//input[@id="password"]</arg>
<arg>${password}</arg>
<doc>Types the given ``text`` into the text field identified by ``locator``.</doc>
<msg timestamp="20220314 20:05:48.220" level="INFO">Typing text 'abcde123' into text field '//input[@id="password"]'.</msg>
<status status="PASS" starttime="20220314 20:05:48.220" endtime="20220314 20:05:48.334"/>
</kw>
<kw name="Click Element" library="SeleniumLibrary">
<arg>//input[@id="login-button"]</arg>
<doc>Click the element identified by ``locator``.</doc>
<msg timestamp="20220314 20:05:48.335" level="INFO">Clicking element '//input[@id="login-button"]'.</msg>
<status status="PASS" starttime="20220314 20:05:48.335" endtime="20220314 20:05:48.375"/>
</kw>
<kw name="Page Should Contain" library="SeleniumLibrary">
<arg>Epic sadface: Username and password do not match any user in this service</arg>
<doc>Verifies that current page contains ``text``.</doc>
<msg timestamp="20220314 20:05:48.385" level="INFO">Current page contains text 'Epic sadface: Username and password do not match any user in this service'.</msg>
<status status="PASS" starttime="20220314 20:05:48.375" endtime="20220314 20:05:48.385"/>
</kw>
<status status="PASS" starttime="20220314 20:05:48.029" endtime="20220314 20:05:48.385"/>
</kw>
<status status="PASS" starttime="20220314 20:05:48.026" endtime="20220314 20:05:48.386"/>
</test>
<test id="s1-t4" name="Login with invalid username and invalid password using CSV File">
<kw name="I login with invalid username and invalid password">
<arg>standard_user4</arg>
<arg>abcde123</arg>
<kw name="Maximize Browser Window" library="SeleniumLibrary">
<doc>Maximizes current browser window.</doc>
<status status="PASS" starttime="20220314 20:05:48.391" endtime="20220314 20:05:48.395"/>
</kw>
<kw name="Input Text" library="SeleniumLibrary">
<arg>//input[@data-test="username"]</arg>
<arg>${username}</arg>
<doc>Types the given ``text`` into the text field identified by ``locator``.</doc>
<msg timestamp="20220314 20:05:48.395" level="INFO">Typing text 'standard_user4' into text field '//input[@data-test="username"]'.</msg>
<status status="PASS" starttime="20220314 20:05:48.395" endtime="20220314 20:05:48.552"/>
</kw>
<kw name="Input Text" library="SeleniumLibrary">
<arg>//input[@id="password"]</arg>
<arg>${password}</arg>
<doc>Types the given ``text`` into the text field identified by ``locator``.</doc>
<msg timestamp="20220314 20:05:48.552" level="INFO">Typing text 'abcde123' into text field '//input[@id="password"]'.</msg>
<status status="PASS" starttime="20220314 20:05:48.552" endtime="20220314 20:05:48.720"/>
</kw>
<kw name="Click Element" library="SeleniumLibrary">
<arg>//input[@id="login-button"]</arg>
<doc>Click the element identified by ``locator``.</doc>
<msg timestamp="20220314 20:05:48.722" level="INFO">Clicking element '//input[@id="login-button"]'.</msg>
<status status="PASS" starttime="20220314 20:05:48.721" endtime="20220314 20:05:48.769"/>
</kw>
<kw name="Page Should Contain" library="SeleniumLibrary">
<arg>Epic sadface: Username and password do not match any user in this service</arg>
<doc>Verifies that current page contains ``text``.</doc>
<msg timestamp="20220314 20:05:48.784" level="INFO">Current page contains text 'Epic sadface: Username and password do not match any user in this service'.</msg>
<status status="PASS" starttime="20220314 20:05:48.769" endtime="20220314 20:05:48.784"/>
</kw>
<status status="PASS" starttime="20220314 20:05:48.391" endtime="20220314 20:05:48.784"/>
</kw>
<status status="PASS" starttime="20220314 20:05:48.387" endtime="20220314 20:05:48.785"/>
</test>
<test id="s1-t5" name="Login with invalid username and invalid password using CSV File">
<kw name="I login with invalid username and invalid password">
<arg>standard_user5</arg>
<arg>abcde123</arg>
<kw name="Maximize Browser Window" library="SeleniumLibrary">
<doc>Maximizes current browser window.</doc>
<status status="PASS" starttime="20220314 20:05:48.792" endtime="20220314 20:05:48.796"/>
</kw>
<kw name="Input Text" library="SeleniumLibrary">
<arg>//input[@data-test="username"]</arg>
<arg>${username}</arg>
<doc>Types the given ``text`` into the text field identified by ``locator``.</doc>
<msg timestamp="20220314 20:05:48.796" level="INFO">Typing text 'standard_user5' into text field '//input[@data-test="username"]'.</msg>
<status status="PASS" starttime="20220314 20:05:48.796" endtime="20220314 20:05:49.085"/>
</kw>
<kw name="Input Text" library="SeleniumLibrary">
<arg>//input[@id="password"]</arg>
<arg>${password}</arg>
<doc>Types the given ``text`` into the text field identified by ``locator``.</doc>
<msg timestamp="20220314 20:05:49.087" level="INFO">Typing text 'abcde123' into text field '//input[@id="password"]'.</msg>
<status status="PASS" starttime="20220314 20:05:49.086" endtime="20220314 20:05:49.288"/>
</kw>
<kw name="Click Element" library="SeleniumLibrary">
<arg>//input[@id="login-button"]</arg>
<doc>Click the element identified by ``locator``.</doc>
<msg timestamp="20220314 20:05:49.289" level="INFO">Clicking element '//input[@id="login-button"]'.</msg>
<status status="PASS" starttime="20220314 20:05:49.289" endtime="20220314 20:05:49.357"/>
</kw>
<kw name="Page Should Contain" library="SeleniumLibrary">
<arg>Epic sadface: Username and password do not match any user in this service</arg>
<doc>Verifies that current page contains ``text``.</doc>
<msg timestamp="20220314 20:05:49.372" level="INFO">Current page contains text 'Epic sadface: Username and password do not match any user in this service'.</msg>
<status status="PASS" starttime="20220314 20:05:49.357" endtime="20220314 20:05:49.373"/>
</kw>
<status status="PASS" starttime="20220314 20:05:48.792" endtime="20220314 20:05:49.373"/>
</kw>
<status status="PASS" starttime="20220314 20:05:48.788" endtime="20220314 20:05:49.374"/>
</test>
<test id="s1-t6" name="Login with invalid username and invalid password using CSV File">
<kw name="I login with invalid username and invalid password">
<arg>standard_user6</arg>
<arg>abcde123</arg>
<kw name="Maximize Browser Window" library="SeleniumLibrary">
<doc>Maximizes current browser window.</doc>
<status status="PASS" starttime="20220314 20:05:49.381" endtime="20220314 20:05:49.391"/>
</kw>
<kw name="Input Text" library="SeleniumLibrary">
<arg>//input[@data-test="username"]</arg>
<arg>${username}</arg>
<doc>Types the given ``text`` into the text field identified by ``locator``.</doc>
<msg timestamp="20220314 20:05:49.391" level="INFO">Typing text 'standard_user6' into text field '//input[@data-test="username"]'.</msg>
<status status="PASS" starttime="20220314 20:05:49.391" endtime="20220314 20:05:49.578"/>
</kw>
<kw name="Input Text" library="SeleniumLibrary">
<arg>//input[@id="password"]</arg>
<arg>${password}</arg>
<doc>Types the given ``text`` into the text field identified by ``locator``.</doc>
<msg timestamp="20220314 20:05:49.579" level="INFO">Typing text 'abcde123' into text field '//input[@id="password"]'.</msg>
<status status="PASS" starttime="20220314 20:05:49.579" endtime="20220314 20:05:49.724"/>
</kw>
<kw name="Click Element" library="SeleniumLibrary">
<arg>//input[@id="login-button"]</arg>
<doc>Click the element identified by ``locator``.</doc>
<msg timestamp="20220314 20:05:49.725" level="INFO">Clicking element '//input[@id="login-button"]'.</msg>
<status status="PASS" starttime="20220314 20:05:49.724" endtime="20220314 20:05:49.883"/>
</kw>
<kw name="Page Should Contain" library="SeleniumLibrary">
<arg>Epic sadface: Username and password do not match any user in this service</arg>
<doc>Verifies that current page contains ``text``.</doc>
<msg timestamp="20220314 20:05:50.000" level="INFO">Current page contains text 'Epic sadface: Username and password do not match any user in this service'.</msg>
<status status="PASS" starttime="20220314 20:05:49.883" endtime="20220314 20:05:50.000"/>
</kw>
<status status="PASS" starttime="20220314 20:05:49.380" endtime="20220314 20:05:50.001"/>
</kw>
<status status="PASS" starttime="20220314 20:05:49.377" endtime="20220314 20:05:50.002"/>
</test>
<test id="s1-t7" name="Login with invalid username and invalid password using CSV File">
<kw name="I login with invalid username and invalid password">
<arg>standard_user7</arg>
<arg>abcde123</arg>
<kw name="Maximize Browser Window" library="SeleniumLibrary">
<doc>Maximizes current browser window.</doc>
<status status="PASS" starttime="20220314 20:05:50.010" endtime="20220314 20:05:50.055"/>
</kw>
<kw name="Input Text" library="SeleniumLibrary">
<arg>//input[@data-test="username"]</arg>
<arg>${username}</arg>
<doc>Types the given ``text`` into the text field identified by ``locator``.</doc>
<msg timestamp="20220314 20:05:50.057" level="INFO">Typing text 'standard_user7' into text field '//input[@data-test="username"]'.</msg>
<status status="PASS" starttime="20220314 20:05:50.056" endtime="20220314 20:05:50.283"/>
</kw>
<kw name="Input Text" library="SeleniumLibrary">
<arg>//input[@id="password"]</arg>
<arg>${password}</arg>
<doc>Types the given ``text`` into the text field identified by ``locator``.</doc>
<msg timestamp="20220314 20:05:50.284" level="INFO">Typing text 'abcde123' into text field '//input[@id="password"]'.</msg>
<status status="PASS" starttime="20220314 20:05:50.283" endtime="20220314 20:05:50.400"/>
</kw>
<kw name="Click Element" library="SeleniumLibrary">
<arg>//input[@id="login-button"]</arg>
<doc>Click the element identified by ``locator``.</doc>
<msg timestamp="20220314 20:05:50.402" level="INFO">Clicking element '//input[@id="login-button"]'.</msg>
<status status="PASS" starttime="20220314 20:05:50.401" endtime="20220314 20:05:50.453"/>
</kw>
<kw name="Page Should Contain" library="SeleniumLibrary">
<arg>Epic sadface: Username and password do not match any user in this service</arg>
<doc>Verifies that current page contains ``text``.</doc>
<msg timestamp="20220314 20:05:50.463" level="INFO">Current page contains text 'Epic sadface: Username and password do not match any user in this service'.</msg>
<status status="PASS" starttime="20220314 20:05:50.454" endtime="20220314 20:05:50.463"/>
</kw>
<status status="PASS" starttime="20220314 20:05:50.009" endtime="20220314 20:05:50.464"/>
</kw>
<status status="PASS" starttime="20220314 20:05:50.006" endtime="20220314 20:05:50.464"/>
</test>
<test id="s1-t8" name="Login with invalid username and invalid password using CSV File">
<kw name="I login with invalid username and invalid password">
<arg>standard_user8</arg>
<arg>abcde123</arg>
<kw name="Maximize Browser Window" library="SeleniumLibrary">
<doc>Maximizes current browser window.</doc>
<status status="PASS" starttime="20220314 20:05:50.473" endtime="20220314 20:05:50.482"/>
</kw>
<kw name="Input Text" library="SeleniumLibrary">
<arg>//input[@data-test="username"]</arg>
<arg>${username}</arg>
<doc>Types the given ``text`` into the text field identified by ``locator``.</doc>
<msg timestamp="20220314 20:05:50.484" level="INFO">Typing text 'standard_user8' into text field '//input[@data-test="username"]'.</msg>
<status status="PASS" starttime="20220314 20:05:50.482" endtime="20220314 20:05:50.704"/>
</kw>
<kw name="Input Text" library="SeleniumLibrary">
<arg>//input[@id="password"]</arg>
<arg>${password}</arg>
<doc>Types the given ``text`` into the text field identified by ``locator``.</doc>
<msg timestamp="20220314 20:05:50.705" level="INFO">Typing text 'abcde123' into text field '//input[@id="password"]'.</msg>
<status status="PASS" starttime="20220314 20:05:50.705" endtime="20220314 20:05:50.812"/>
</kw>
<kw name="Click Element" library="SeleniumLibrary">
<arg>//input[@id="login-button"]</arg>
<doc>Click the element identified by ``locator``.</doc>
<msg timestamp="20220314 20:05:50.813" level="INFO">Clicking element '//input[@id="login-button"]'.</msg>
<status status="PASS" starttime="20220314 20:05:50.813" endtime="20220314 20:05:50.858"/>
</kw>
<kw name="Page Should Contain" library="SeleniumLibrary">
<arg>Epic sadface: Username and password do not match any user in this service</arg>
<doc>Verifies that current page contains ``text``.</doc>
<msg timestamp="20220314 20:05:50.871" level="INFO">Current page contains text 'Epic sadface: Username and password do not match any user in this service'.</msg>
<status status="PASS" starttime="20220314 20:05:50.859" endtime="20220314 20:05:50.871"/>
</kw>
<status status="PASS" starttime="20220314 20:05:50.473" endtime="20220314 20:05:50.871"/>
</kw>
<status status="PASS" starttime="20220314 20:05:50.467" endtime="20220314 20:05:50.872"/>
</test>
<test id="s1-t9" name="Login with invalid username and invalid password using CSV File">
<kw name="I login with invalid username and invalid password">
<arg>standard_user9</arg>
<arg>abcde123</arg>
<kw name="Maximize Browser Window" library="SeleniumLibrary">
<doc>Maximizes current browser window.</doc>
<status status="PASS" starttime="20220314 20:05:50.879" endtime="20220314 20:05:50.887"/>
</kw>
<kw name="Input Text" library="SeleniumLibrary">
<arg>//input[@data-test="username"]</arg>
<arg>${username}</arg>
<doc>Types the given ``text`` into the text field identified by ``locator``.</doc>
<msg timestamp="20220314 20:05:50.894" level="INFO">Typing text 'standard_user9' into text field '//input[@data-test="username"]'.</msg>
<status status="PASS" starttime="20220314 20:05:50.888" endtime="20220314 20:05:51.146"/>
</kw>
<kw name="Input Text" library="SeleniumLibrary">
<arg>//input[@id="password"]</arg>
<arg>${password}</arg>
<doc>Types the given ``text`` into the text field identified by ``locator``.</doc>
<msg timestamp="20220314 20:05:51.147" level="INFO">Typing text 'abcde123' into text field '//input[@id="password"]'.</msg>
<status status="PASS" starttime="20220314 20:05:51.146" endtime="20220314 20:05:51.295"/>
</kw>
<kw name="Click Element" library="SeleniumLibrary">
<arg>//input[@id="login-button"]</arg>
<doc>Click the element identified by ``locator``.</doc>
<msg timestamp="20220314 20:05:51.296" level="INFO">Clicking element '//input[@id="login-button"]'.</msg>
<status status="PASS" starttime="20220314 20:05:51.296" endtime="20220314 20:05:51.348"/>
</kw>
<kw name="Page Should Contain" library="SeleniumLibrary">
<arg>Epic sadface: Username and password do not match any user in this service</arg>
<doc>Verifies that current page contains ``text``.</doc>
<msg timestamp="20220314 20:05:51.373" level="INFO">Current page contains text 'Epic sadface: Username and password do not match any user in this service'.</msg>
<status status="PASS" starttime="20220314 20:05:51.348" endtime="20220314 20:05:51.373"/>
</kw>
<status status="PASS" starttime="20220314 20:05:50.878" endtime="20220314 20:05:51.374"/>
</kw>
<status status="PASS" starttime="20220314 20:05:50.874" endtime="20220314 20:05:51.374"/>
</test>
<test id="s1-t10" name="Login with invalid username and invalid password using CSV File">
<kw name="I login with invalid username and invalid password">
<arg>standard_user10</arg>
<arg>abcde123</arg>
<kw name="Maximize Browser Window" library="SeleniumLibrary">
<doc>Maximizes current browser window.</doc>
<status status="PASS" starttime="20220314 20:05:51.383" endtime="20220314 20:05:51.400"/>
</kw>
<kw name="Input Text" library="SeleniumLibrary">
<arg>//input[@data-test="username"]</arg>
<arg>${username}</arg>
<doc>Types the given ``text`` into the text field identified by ``locator``.</doc>
<msg timestamp="20220314 20:05:51.404" level="INFO">Typing text 'standard_user10' into text field '//input[@data-test="username"]'.</msg>
<status status="PASS" starttime="20220314 20:05:51.401" endtime="20220314 20:05:51.603"/>
</kw>
<kw name="Input Text" library="SeleniumLibrary">
<arg>//input[@id="password"]</arg>
<arg>${password}</arg>
<doc>Types the given ``text`` into the text field identified by ``locator``.</doc>
<msg timestamp="20220314 20:05:51.605" level="INFO">Typing text 'abcde123' into text field '//input[@id="password"]'.</msg>
<status status="PASS" starttime="20220314 20:05:51.604" endtime="20220314 20:05:51.874"/>
</kw>
<kw name="Click Element" library="SeleniumLibrary">
<arg>//input[@id="login-button"]</arg>
<doc>Click the element identified by ``locator``.</doc>
<msg timestamp="20220314 20:05:51.875" level="INFO">Clicking element '//input[@id="login-button"]'.</msg>
<status status="PASS" starttime="20220314 20:05:51.874" endtime="20220314 20:05:51.937"/>
</kw>
<kw name="Page Should Contain" library="SeleniumLibrary">
<arg>Epic sadface: Username and password do not match any user in this service</arg>
<doc>Verifies that current page contains ``text``.</doc>
<msg timestamp="20220314 20:05:51.959" level="INFO">Current page contains text 'Epic sadface: Username and password do not match any user in this service'.</msg>
<status status="PASS" starttime="20220314 20:05:51.937" endtime="20220314 20:05:51.959"/>
</kw>
<status status="PASS" starttime="20220314 20:05:51.380" endtime="20220314 20:05:51.961"/>
</kw>
<status status="PASS" starttime="20220314 20:05:51.377" endtime="20220314 20:05:51.966"/>
</test>
<kw name="Close Browser" library="SeleniumLibrary" type="TEARDOWN">
<doc>Closes the current browser.</doc>
<status status="PASS" starttime="20220314 20:05:51.972" endtime="20220314 20:05:54.583"/>
</kw>
<status status="PASS" starttime="20220314 20:05:43.171" endtime="20220314 20:05:54.583"/>
</suite>
<statistics>
<total>
<stat pass="10" fail="0" skip="0">All Tests</stat>
</total>
<tag>
</tag>
<suite>
<stat pass="10" fail="0" skip="0" id="s1" name="Swaglab">Swaglab</stat>
</suite>
</statistics>
<errors>
<msg timestamp="20220314 20:05:47.703" level="WARN">Multiple test cases with name 'Login with invalid username and invalid password using CSV File' executed in test suite 'Swaglab'.</msg>
<msg timestamp="20220314 20:05:48.025" level="WARN">Multiple test cases with name 'Login with invalid username and invalid password using CSV File' executed in test suite 'Swaglab'.</msg>
<msg timestamp="20220314 20:05:48.387" level="WARN">Multiple test cases with name 'Login with invalid username and invalid password using CSV File' executed in test suite 'Swaglab'.</msg>
<msg timestamp="20220314 20:05:48.786" level="WARN">Multiple test cases with name 'Login with invalid username and invalid password using CSV File' executed in test suite 'Swaglab'.</msg>
<msg timestamp="20220314 20:05:49.376" level="WARN">Multiple test cases with name 'Login with invalid username and invalid password using CSV File' executed in test suite 'Swaglab'.</msg>
<msg timestamp="20220314 20:05:50.005" level="WARN">Multiple test cases with name 'Login with invalid username and invalid password using CSV File' executed in test suite 'Swaglab'.</msg>
<msg timestamp="20220314 20:05:50.466" level="WARN">Multiple test cases with name 'Login with invalid username and invalid password using CSV File' executed in test suite 'Swaglab'.</msg>
<msg timestamp="20220314 20:05:50.873" level="WARN">Multiple test cases with name 'Login with invalid username and invalid password using CSV File' executed in test suite 'Swaglab'.</msg>
<msg timestamp="20220314 20:05:51.376" level="WARN">Multiple test cases with name 'Login with invalid username and invalid password using CSV File' executed in test suite 'Swaglab'.</msg>
</errors>
</robot>
